1583420178687:crack hello.pdf
1583420180802:exit
1583420351758:crack hello.pdf
1583420361280:exit
1583420803419:crack huhu
1583421283409:crackexit
1583421284481:exit
1583421305930:crack shit
1583421621805:crack /Users/faizal/Projects/Passwords
1583421743458:clear
1583421744766:exit
1583421756885:crack /Users/faizal/Projects/Passwords
1583421769119:exit
1583422082353:crack /Users/faizal/Projects/Passwords
1583422098479:exit
1583422156707:crack /Users/faizal/Projects/Passwords
1583422326536:crack /Users/faizal/Projects/Passwords /Users/faizal/Downloads/a.pdf
1583422360962:exit
1583422497362:crack /Users/faizal/Projects/Passwords /Users/faizal/Downloads/a.pdf
1583422941780:crack /Users/faizal/Projects/Passwords /Users/faizal/Downloads/1400245523_20190914.pdf
1583422976912:crack /Users/faizal/Projects/Passwords /Users/faizal/Downloads/a.pdf
